<?xml version="1.0" encoding="UTF-8"?>
<testng-results ignored="0" total="2" passed="2" failed="0" skipped="0">
  <reporter-output>
  </reporter-output>
  <suite started-at="2023-05-25T00:34:23 IST" name="Default suite" finished-at="2023-05-25T00:34:28 IST" duration-ms="4863">
    <groups>
    </groups>
    <test started-at="2023-05-25T00:34:23 IST" name="Default test" finished-at="2023-05-25T00:34:28 IST" duration-ms="4863">
      <class name="PostApiTesting">
        <test-method is-config="true" signature="setUp()[pri:0, instance:PostApiTesting@791f145a]" started-at="2023-05-25T00:34:23 IST" name="setUp" finished-at="2023-05-25T00:34:24 IST" duration-ms="933" status="PASS">
          <reporter-output>
          </reporter-output>
        </test-method> <!-- setUp -->
        <test-method signature="createUserTest()[pri:0, instance:PostApiTesting@791f145a]" started-at="2023-05-25T00:34:24 IST" name="createUserTest" finished-at="2023-05-25T00:34:26 IST" duration-ms="2178" status="PASS">
          <reporter-output>
          </reporter-output>
        </test-method> <!-- createUserTest -->
        <test-method signature="updateUserTest()[pri:0, instance:PostApiTesting@791f145a]" started-at="2023-05-25T00:34:26 IST" name="updateUserTest" finished-at="2023-05-25T00:34:28 IST" duration-ms="1699" status="PASS">
          <reporter-output>
          </reporter-output>
        </test-method> <!-- updateUserTest -->
      </class> <!-- PostApiTesting -->
    </test> <!-- Default test -->
  </suite> <!-- Default suite -->
</testng-results>
